2023-07-21T05:28:23.249Z [right meow!] info: Database connected successfully
2023-07-21T05:28:23.261Z [right meow!] info: Example app listening on port 9000
2023-07-21T05:31:18.576Z [right meow!] info: Database connected successfully
2023-07-21T05:31:18.586Z [right meow!] info: Example app listening on port 9000
Fri Jul 21 2023 11:38:13 GMT+0600 (Bangladesh Standard Time) 11:38:13 [right meow!] info: Database connected successfully
Fri Jul 21 2023 11:38:13 GMT+0600 (Bangladesh Standard Time) 11:38:13 [right meow!] info: Example app listening on port 9000
Fri Jul 21 2023 11:38:37 [right meow!] info: Database connected successfully
Fri Jul 21 2023 11:38:37 [right meow!] info: Example app listening on port 9000
{
  message: 'Database connected successfully',
  level: 'info',
  service: 'user-service',
  label: 'right meow!',
  timestamp: '2023-07-21T05:42:12.117Z'
}
{
  message: 'Example app listening on port 9000',
  level: 'info',
  service: 'user-service',
  label: 'right meow!',
  timestamp: '2023-07-21T05:42:12.132Z'
}
{
  message: 'Database connected successfully',
  level: 'info',
  service: 'user-service',
  label: 'right meow!',
  timestamp: '2023-07-21T05:43:02.358Z'
}
{
  message: 'Example app listening on port 9000',
  level: 'info',
  service: 'user-service',
  label: 'right meow!',
  timestamp: '2023-07-21T05:43:02.373Z'
}
