{
  message: 'Database connected successfully',
  level: 'info',
  service: 'user-service',
  label: 'right meow!',
  timestamp: '2023-07-22T07:01:33.600Z'
}
{
  message: 'Example app listening on port 9000',
  level: 'info',
  service: 'user-service',
  label: 'right meow!',
  timestamp: '2023-07-22T07:01:33.614Z'
}
{
  message: 'Database connected successfully',
  level: 'info',
  service: 'user-service',
  label: 'right meow!',
  timestamp: '2023-07-22T07:02:10.970Z'
}
{
  message: 'Example app listening on port 9000',
  level: 'info',
  service: 'user-service',
  label: 'right meow!',
  timestamp: '2023-07-22T07:02:10.985Z'
}
