{
  message: 'Database connected successfully',
  level: 'info',
  service: 'user-service',
  label: 'right meow!',
  timestamp: '2023-07-22T05:12:57.240Z'
}
{
  message: 'Example app listening on port 9000',
  level: 'info',
  service: 'user-service',
  label: 'right meow!',
  timestamp: '2023-07-22T05:12:57.264Z'
}
{
  message: 'Database connected successfully',
  level: 'info',
  service: 'user-service',
  label: 'right meow!',
  timestamp: '2023-07-22T05:14:31.013Z'
}
{
  message: 'Example app listening on port 9000',
  level: 'info',
  service: 'user-service',
  label: 'right meow!',
  timestamp: '2023-07-22T05:14:31.022Z'
}
{
  message: 'Database connected successfully',
  level: 'info',
  service: 'user-service',
  label: 'right meow!',
  timestamp: '2023-07-22T05:21:07.279Z'
}
{
  message: 'Example app listening on port 9000',
  level: 'info',
  service: 'user-service',
  label: 'right meow!',
  timestamp: '2023-07-22T05:21:07.304Z'
}
{
  message: 'Database connected successfully',
  level: 'info',
  service: 'user-service',
  label: 'right meow!',
  timestamp: '2023-07-22T05:21:35.606Z'
}
{
  message: 'Example app listening on port 9000',
  level: 'info',
  service: 'user-service',
  label: 'right meow!',
  timestamp: '2023-07-22T05:21:35.624Z'
}
{
  message: 'Database connected successfully',
  level: 'info',
  service: 'user-service',
  label: 'right meow!',
  timestamp: '2023-07-22T05:22:40.883Z'
}
{
  message: 'Example app listening on port 9000',
  level: 'info',
  service: 'user-service',
  label: 'right meow!',
  timestamp: '2023-07-22T05:22:40.897Z'
}
{
  message: 'Database connected successfully',
  level: 'info',
  service: 'user-service',
  label: 'right meow!',
  timestamp: '2023-07-22T05:26:11.309Z'
}
{
  message: 'Example app listening on port 9000',
  level: 'info',
  service: 'user-service',
  label: 'right meow!',
  timestamp: '2023-07-22T05:26:11.369Z'
}
