{
  message: 'Database connected successfully',
  level: 'info',
  service: 'user-service',
  label: 'right meow!',
  timestamp: '2023-07-22T11:03:01.099Z'
}
{
  message: 'Example app listening on port 9000',
  level: 'info',
  service: 'user-service',
  label: 'right meow!',
  timestamp: '2023-07-22T11:03:01.113Z'
}
{
  message: 'Database connected successfully',
  level: 'info',
  service: 'user-service',
  label: 'right meow!',
  timestamp: '2023-07-22T11:10:34.914Z'
}
{
  message: 'Example app listening on port 9000',
  level: 'info',
  service: 'user-service',
  label: 'right meow!',
  timestamp: '2023-07-22T11:10:34.930Z'
}
{
  message: 'Database connected successfully',
  level: 'info',
  service: 'user-service',
  label: 'right meow!',
  timestamp: '2023-07-22T11:12:04.153Z'
}
{
  message: 'Example app listening on port 9000',
  level: 'info',
  service: 'user-service',
  label: 'right meow!',
  timestamp: '2023-07-22T11:12:04.170Z'
}
