{
  message: 'Database connected successfully',
  level: 'info',
  service: 'user-service',
  label: 'right meow!',
  timestamp: '2023-07-22T06:06:42.711Z'
}
{
  message: 'Example app listening on port 9000',
  level: 'info',
  service: 'user-service',
  label: 'right meow!',
  timestamp: '2023-07-22T06:06:42.733Z'
}
{
  message: 'Database connected successfully',
  level: 'info',
  service: 'user-service',
  label: 'right meow!',
  timestamp: '2023-07-22T06:08:49.365Z'
}
{
  message: 'Example app listening on port 9000',
  level: 'info',
  service: 'user-service',
  label: 'right meow!',
  timestamp: '2023-07-22T06:08:49.380Z'
}
{
  message: 'Database connected successfully',
  level: 'info',
  service: 'user-service',
  label: 'right meow!',
  timestamp: '2023-07-22T06:10:55.299Z'
}
{
  message: 'Example app listening on port 9000',
  level: 'info',
  service: 'user-service',
  label: 'right meow!',
  timestamp: '2023-07-22T06:10:55.312Z'
}
{
  message: 'Database connected successfully',
  level: 'info',
  service: 'user-service',
  label: 'right meow!',
  timestamp: '2023-07-22T06:14:24.925Z'
}
{
  message: 'Example app listening on port 9000',
  level: 'info',
  service: 'user-service',
  label: 'right meow!',
  timestamp: '2023-07-22T06:14:24.939Z'
}
{
  message: 'Database connected successfully',
  level: 'info',
  service: 'user-service',
  label: 'right meow!',
  timestamp: '2023-07-22T06:18:49.147Z'
}
{
  message: 'Example app listening on port 9000',
  level: 'info',
  service: 'user-service',
  label: 'right meow!',
  timestamp: '2023-07-22T06:18:49.164Z'
}
{
  message: 'Database connected successfully',
  level: 'info',
  service: 'user-service',
  label: 'right meow!',
  timestamp: '2023-07-22T06:20:34.984Z'
}
{
  message: 'Example app listening on port 9000',
  level: 'info',
  service: 'user-service',
  label: 'right meow!',
  timestamp: '2023-07-22T06:20:35.002Z'
}
{
  message: 'Database connected successfully',
  level: 'info',
  service: 'user-service',
  label: 'right meow!',
  timestamp: '2023-07-22T06:21:55.336Z'
}
{
  message: 'Example app listening on port 9000',
  level: 'info',
  service: 'user-service',
  label: 'right meow!',
  timestamp: '2023-07-22T06:21:55.349Z'
}
{
  message: 'Database connected successfully',
  level: 'info',
  service: 'user-service',
  label: 'right meow!',
  timestamp: '2023-07-22T06:44:38.049Z'
}
{
  message: 'Example app listening on port 9000',
  level: 'info',
  service: 'user-service',
  label: 'right meow!',
  timestamp: '2023-07-22T06:44:38.063Z'
}
{
  message: 'Database connected successfully',
  level: 'info',
  service: 'user-service',
  label: 'right meow!',
  timestamp: '2023-07-22T06:46:18.227Z'
}
{
  message: 'Example app listening on port 9000',
  level: 'info',
  service: 'user-service',
  label: 'right meow!',
  timestamp: '2023-07-22T06:46:18.239Z'
}
{
  message: 'Database connected successfully',
  level: 'info',
  service: 'user-service',
  label: 'right meow!',
  timestamp: '2023-07-22T06:46:41.839Z'
}
{
  message: 'Example app listening on port 9000',
  level: 'info',
  service: 'user-service',
  label: 'right meow!',
  timestamp: '2023-07-22T06:46:41.853Z'
}
{
  message: 'Database connected successfully',
  level: 'info',
  service: 'user-service',
  label: 'right meow!',
  timestamp: '2023-07-22T06:49:09.948Z'
}
{
  message: 'Example app listening on port 9000',
  level: 'info',
  service: 'user-service',
  label: 'right meow!',
  timestamp: '2023-07-22T06:49:09.961Z'
}
{
  message: 'Database connected successfully',
  level: 'info',
  service: 'user-service',
  label: 'right meow!',
  timestamp: '2023-07-22T06:50:25.832Z'
}
{
  message: 'Example app listening on port 9000',
  level: 'info',
  service: 'user-service',
  label: 'right meow!',
  timestamp: '2023-07-22T06:50:25.848Z'
}
