{
  message: 'Database connected successfully',
  level: 'info',
  service: 'user-service',
  label: 'right meow!',
  timestamp: '2023-07-22T10:41:17.904Z'
}
{
  message: 'Example app listening on port 9000',
  level: 'info',
  service: 'user-service',
  label: 'right meow!',
  timestamp: '2023-07-22T10:41:17.927Z'
}
{
  message: 'Database connected successfully',
  level: 'info',
  service: 'user-service',
  label: 'right meow!',
  timestamp: '2023-07-22T10:42:19.307Z'
}
{
  message: 'Example app listening on port 9000',
  level: 'info',
  service: 'user-service',
  label: 'right meow!',
  timestamp: '2023-07-22T10:42:19.321Z'
}
{
  message: 'Database connected successfully',
  level: 'info',
  service: 'user-service',
  label: 'right meow!',
  timestamp: '2023-07-22T10:42:41.959Z'
}
{
  message: 'Example app listening on port 9000',
  level: 'info',
  service: 'user-service',
  label: 'right meow!',
  timestamp: '2023-07-22T10:42:41.972Z'
}
{
  message: 'Database connected successfully',
  level: 'info',
  service: 'user-service',
  label: 'right meow!',
  timestamp: '2023-07-22T10:43:10.635Z'
}
{
  message: 'Example app listening on port 9000',
  level: 'info',
  service: 'user-service',
  label: 'right meow!',
  timestamp: '2023-07-22T10:43:10.659Z'
}
{
  message: 'Database connected successfully',
  level: 'info',
  service: 'user-service',
  label: 'right meow!',
  timestamp: '2023-07-22T10:43:16.573Z'
}
{
  message: 'Example app listening on port 9000',
  level: 'info',
  service: 'user-service',
  label: 'right meow!',
  timestamp: '2023-07-22T10:43:16.586Z'
}
{
  message: 'Database connected successfully',
  level: 'info',
  service: 'user-service',
  label: 'right meow!',
  timestamp: '2023-07-22T10:47:04.122Z'
}
{
  message: 'Example app listening on port 9000',
  level: 'info',
  service: 'user-service',
  label: 'right meow!',
  timestamp: '2023-07-22T10:47:04.135Z'
}
{
  message: 'Database connected successfully',
  level: 'info',
  service: 'user-service',
  label: 'right meow!',
  timestamp: '2023-07-22T10:47:30.925Z'
}
{
  message: 'Example app listening on port 9000',
  level: 'info',
  service: 'user-service',
  label: 'right meow!',
  timestamp: '2023-07-22T10:47:30.937Z'
}
{
  message: 'Database connected successfully',
  level: 'info',
  service: 'user-service',
  label: 'right meow!',
  timestamp: '2023-07-22T10:50:36.933Z'
}
{
  message: 'Example app listening on port 9000',
  level: 'info',
  service: 'user-service',
  label: 'right meow!',
  timestamp: '2023-07-22T10:50:36.949Z'
}
{
  message: 'Database connected successfully',
  level: 'info',
  service: 'user-service',
  label: 'right meow!',
  timestamp: '2023-07-22T10:52:33.436Z'
}
{
  message: 'Example app listening on port 9000',
  level: 'info',
  service: 'user-service',
  label: 'right meow!',
  timestamp: '2023-07-22T10:52:33.450Z'
}
